<?xml version="1.0" encoding="UTF-8"?>
<!-- Generated by org.testng.reporters.JUnitXMLReporter -->
<testsuite hostname="LAPTOP-QQFR7U9L" name="Test" tests="4" failures="0" timestamp="26 Nov 2019 05:28:24 GMT" time="0.057" errors="0">
  <testcase name="Day" time="0.005" classname="Session18TestNG.Day2"/>
  <testcase name="Day" time="0.006" classname="Session18TestNG.Day2"/>
  <testcase name="Day" time="0.004" classname="Session18TestNG.Day2"/>
  <testcase name="Demo" time="0.003" classname="Session18TestNG.Day1"/>
</testsuite> <!-- Test -->
